<?xml version="1.0" encoding="UTF-8"?>
<!-- Generated by org.testng.reporters.JUnitReportReporter -->
<testsuite hostname="DESKTOP-QT4E40G" failures="0" tests="3" name="pipelineTests.Sample2" time="0.005" errors="0" timestamp="2023-03-13T13:55:55 IST" skipped="0">
  <testcase classname="pipelineTests.Sample2" name="test16" time="0.001"/>
  <system-out/>
  <testcase classname="pipelineTests.Sample2" name="test15" time="0.002"/>
  <system-out/>
  <testcase classname="pipelineTests.Sample2" name="test14" time="0.002"/>
  <system-out/>
</testsuite> <!-- pipelineTests.Sample2 -->
