<?xml version="1.0" encoding="UTF-8"?>
<!-- Generated by org.testng.reporters.JUnitReportReporter -->
<testsuite hostname="DESKTOP-QT4E40G" failures="0" tests="3" name="pipelineTests.Sample1" time="0.017" errors="0" timestamp="2023-03-13T13:55:55 IST" skipped="0">
  <testcase classname="pipelineTests.Sample1" name="test11" time="0.014"/>
  <system-out/>
  <testcase classname="pipelineTests.Sample1" name="test13" time="0.001"/>
  <system-out/>
  <testcase classname="pipelineTests.Sample1" name="test12" time="0.002"/>
  <system-out/>
</testsuite> <!-- pipelineTests.Sample1 -->
